<?xml version="1.0" encoding="UTF-8"?>
<!-- Generated by org.testng.reporters.JUnitXMLReporter -->
<testsuite ignored="0" hostname="user-PC" failures="0" tests="4" name="Add Customer" time="31.228" errors="0" timestamp="12 Jun 2019 16:34:41 GMT">
  <testcase classname="com.projectname.testcases.AddCustomer" name="addcustomer" time="7.61"/>
  <testcase classname="com.projectname.testcases.AddCustomer" name="addcustomer" time="7.366"/>
  <testcase classname="com.projectname.testcases.AddCustomer" name="addcustomer" time="7.356"/>
  <testcase classname="com.projectname.testcases.AddCustomer" name="addcustomer" time="6.871"/>
</testsuite> <!-- Add Customer -->
