<?xml version="1.0" encoding="UTF-8"?>
<!-- Generated by org.testng.reporters.JUnitXMLReporter -->
<testsuite ignored="0" hostname="user-PC" failures="1" tests="1" name="Open account" time="1.007" errors="0" timestamp="12 Jun 2019 16:34:42 GMT">
  <testcase classname="com.projectname.testcases.OpenAccount" name="openAccountTest" time="0.007">
    <failure type="org.testng.internal.reflect.MethodMatcherException" message="
Data provider mismatch
Method: openAccountTest([Parameter{index=0, type=java.lang.String, declaredAnnotations=[]}, Parameter{index=1, type=java.lang.String, declaredAnnotations=[]}])
Arguments: [(java.lang.String)Raman,(java.lang.String)Arora,(java.lang.String)A234wd,(java.lang.String)Customer added successfully]">
      <![CDATA[org.testng.internal.reflect.MethodMatcherException: 
Data provider mismatch
Method: openAccountTest([Parameter{index=0, type=java.lang.String, declaredAnnotations=[]}, Parameter{index=1, type=java.lang.String, declaredAnnotations=[]}])
Arguments: [(java.lang.String)Raman,(java.lang.String)Arora,(java.lang.String)A234wd,(java.lang.String)Customer added successfully]
... Removed 20 stack frames]]>
    </failure>
  </testcase> <!-- openAccountTest -->
</testsuite> <!-- Open account -->
